2022-04-08 20:04:53.198 [main] INFO  calculator.Calculator - [FACTORIAL] - 5.0
2022-04-08 20:04:53.202 [main] INFO  calculator.Calculator - [RESULT - FACTORIAL] - 120.0
2022-04-08 20:04:53.203 [main] INFO  calculator.Calculator - [FACTORIAL] - 4.0
2022-04-08 20:04:53.203 [main] INFO  calculator.Calculator - [RESULT - FACTORIAL] - 24.0
2022-04-08 20:04:53.205 [main] INFO  calculator.Calculator - [SQ ROOT] - 4.0
2022-04-08 20:04:53.206 [main] INFO  calculator.Calculator - [RESULT - SQ ROOT] - 2.0
2022-04-08 20:04:53.206 [main] INFO  calculator.Calculator - [SQ ROOT] - 0.36
2022-04-08 20:04:53.206 [main] INFO  calculator.Calculator - [RESULT - SQ ROOT] - 0.6
2022-04-08 20:04:53.208 [main] INFO  calculator.Calculator - [NATURAL LOG] - 1.0
2022-04-08 20:04:53.210 [main] INFO  calculator.Calculator - [RESULT - NATURAL LOG] - 0.0
2022-04-08 20:04:53.211 [main] INFO  calculator.Calculator - [FACTORIAL] - 5.0
2022-04-08 20:04:53.211 [main] INFO  calculator.Calculator - [RESULT - FACTORIAL] - 120.0
2022-04-08 20:04:53.211 [main] INFO  calculator.Calculator - [FACTORIAL] - 4.0
2022-04-08 20:04:53.212 [main] INFO  calculator.Calculator - [RESULT - FACTORIAL] - 24.0
2022-04-08 20:04:53.226 [main] INFO  calculator.Calculator - [POWER - 5.0 RAISED TO] 2.0
2022-04-08 20:04:53.227 [main] INFO  calculator.Calculator - [RESULT - POWER] - 25.0
2022-04-08 20:04:53.227 [main] INFO  calculator.Calculator - [POWER - 4.0 RAISED TO] 3.0
2022-04-08 20:04:53.227 [main] INFO  calculator.Calculator - [RESULT - POWER] - 64.0
2022-04-08 20:04:53.228 [main] INFO  calculator.Calculator - [SQ ROOT] - 4.0
2022-04-08 20:04:53.228 [main] INFO  calculator.Calculator - [RESULT - SQ ROOT] - 2.0
2022-04-08 20:04:53.228 [main] INFO  calculator.Calculator - [SQ ROOT] - 0.36
2022-04-08 20:04:53.229 [main] INFO  calculator.Calculator - [RESULT - SQ ROOT] - 0.6
2022-04-08 20:04:53.230 [main] INFO  calculator.Calculator - [POWER - 5.0 RAISED TO] 2.0
2022-04-08 20:04:53.230 [main] INFO  calculator.Calculator - [RESULT - POWER] - 25.0
2022-04-08 20:04:53.230 [main] INFO  calculator.Calculator - [POWER - 4.0 RAISED TO] 3.0
2022-04-08 20:04:53.231 [main] INFO  calculator.Calculator - [RESULT - POWER] - 64.0
2022-04-08 20:04:53.232 [main] INFO  calculator.Calculator - [NATURAL LOG] - 5.0
2022-04-08 20:04:53.232 [main] INFO  calculator.Calculator - [RESULT - NATURAL LOG] - 1.6094379124341003
2022-04-08 20:04:53.233 [main] INFO  calculator.Calculator - [NATURAL LOG] - 4.0
2022-04-08 20:04:53.233 [main] INFO  calculator.Calculator - [RESULT - NATURAL LOG] - 1.3862943611198906
